Android/Agency Mwalimu/app/build/outputs/logs/manifest-merger-debug-report.txt
-- Merging decision tree log ---
manifest
ADDED from src\main\AndroidManifest.xml:2:1-118:12
	package
		ADDED from src\main\AndroidManifest.xml:3:5-40
		INJECTED from src\main\AndroidManifest.xml
		INJECTED from src\main\AndroidManifest.xml
	android:versionName
		ADDED from src\main\AndroidManifest.xml:5:5-30
		INJECTED from src\main\AndroidManifest.xml
		INJECTED from src\main\AndroidManifest.xml
	android:versionCode
		ADDED from src\main\AndroidManifest.xml:4:5-28
		INJECTED from src\main\AndroidManifest.xml
		INJECTED from src\main\AndroidManifest.xml
	xmlns:android
		ADDED from src\main\AndroidManifest.xml:2:11-69
uses-sdk
ADDED from src\main\AndroidManifest.xml:7:5-9:41
	android:targetSdkVersion
		ADDED from src\main\AndroidManifest.xml:9:9-38
		INJECTED from src\main\AndroidManifest.xml
		INJECTED from src\main\AndroidManifest.xml
	android:minSdkVersion
		ADDED from src\main\AndroidManifest.xml:8:9-34
		INJECTED from src\main\AndroidManifest.xml
		INJECTED from src\main\AndroidManifest.xml
uses-permission#android.permission.BLUETOOTH
ADDED from src\main\AndroidManifest.xml:11:5-68
	android:name
		ADDED from src\main\AndroidManifest.xml:11:22-65
uses-permission#android.permission.BLUETOOTH_ADMIN
ADDED from src\main\AndroidManifest.xml:12:5-74
	android:name
		ADDED from src\main\AndroidManifest.xml:12:22-71
uses-permission#android.permission.INTERNET
ADDED from src\main\AndroidManifest.xml:13:5-67
	android:name
		ADDED from src\main\AndroidManifest.xml:13:22-64
uses-permission#android.permission.ACCESS_WIFI_STATE
ADDED from src\main\AndroidManifest.xml:14:5-15:23
	android:name
		ADDED from src\main\AndroidManifest.xml:14:22-73
uses-permission#android.permission.ACCESS_NETWORK_STATE
ADDED from src\main\AndroidManifest.xml:16:5-17:23
	android:name
		ADDED from src\main\AndroidManifest.xml:16:22-76
application
ADDED from src\main\AndroidManifest.xml:19:5-116:19
	android:label
		ADDED from src\main\AndroidManifest.xml:22:9-41
	android:allowBackup
		ADDED from src\main\AndroidManifest.xml:20:9-35
	android:icon
		ADDED from src\main\AndroidManifest.xml:21:9-38
	android:theme
		ADDED from src\main\AndroidManifest.xml:23:9-40
activity#com.example.m_saccoagency.Login
ADDED from src\main\AndroidManifest.xml:24:9-32:20
	android:screenOrientation
		ADDED from src\main\AndroidManifest.xml:26:13-49
	android:label
		ADDED from src\main\AndroidManifest.xml:27:13-45
	android:name
		ADDED from src\main\AndroidManifest.xml:25:13-59
intent-filter#android.intent.action.MAIN+android.intent.category.LAUNCHER
ADDED from src\main\AndroidManifest.xml:28:13-31:29
action#android.intent.action.MAIN
ADDED from src\main\AndroidManifest.xml:29:17-69
	android:name
		ADDED from src\main\AndroidManifest.xml:29:25-66
category#android.intent.category.LAUNCHER
ADDED from src\main\AndroidManifest.xml:30:17-77
	android:name
		ADDED from src\main\AndroidManifest.xml:30:27-74
activity#com.example.m_saccoagency.AgencyListActivity
ADDED from src\main\AndroidManifest.xml:33:9-38:20
	android:screenOrientation
		ADDED from src\main\AndroidManifest.xml:36:13-49
	android:label
		ADDED from src\main\AndroidManifest.xml:35:13-45
	android:parentActivityName
		ADDED from src\main\AndroidManifest.xml:37:13-80
	android:name
		ADDED from src\main\AndroidManifest.xml:34:13-72
activity#com.example.m_saccoagency.AccountActivationActivity
ADDED from src\main\AndroidManifest.xml:39:9-43:20
	android:label
		ADDED from src\main\AndroidManifest.xml:41:13-47
	android:parentActivityName
		ADDED from src\main\AndroidManifest.xml:42:13-86
	android:name
		ADDED from src\main\AndroidManifest.xml:40:13-79
activity#com.example.m_saccoagency.AccountOpening
ADDED from src\main\AndroidManifest.xml:44:9-48:20
	android:label
		ADDED from src\main\AndroidManifest.xml:46:13-44
	android:parentActivityName
		ADDED from src\main\AndroidManifest.xml:47:13-86
	android:name
		ADDED from src\main\AndroidManifest.xml:45:13-68
activity#com.example.m_saccoagency.MemberRegistration
ADDED from src\main\AndroidManifest.xml:49:9-53:20
	android:label
		ADDED from src\main\AndroidManifest.xml:51:13-41
	android:parentActivityName
		ADDED from src\main\AndroidManifest.xml:52:13-86
	android:name
		ADDED from src\main\AndroidManifest.xml:50:13-72
activity#com.example.m_saccoagency.CashWithdraw
ADDED from src\main\AndroidManifest.xml:54:9-58:20
	android:label
		ADDED from src\main\AndroidManifest.xml:56:13-42
	android:parentActivityName
		ADDED from src\main\AndroidManifest.xml:57:13-86
	android:name
		ADDED from src\main\AndroidManifest.xml:55:13-66
activity#com.example.m_saccoagency.CashDeposit
ADDED from src\main\AndroidManifest.xml:59:9-63:20
	android:label
		ADDED from src\main\AndroidManifest.xml:61:13-41
	android:parentActivityName
		ADDED from src\main\AndroidManifest.xml:62:13-86
	android:name
		ADDED from src\main\AndroidManifest.xml:60:13-65
activity#com.example.m_saccoagency.LoanRepayment
ADDED from src\main\AndroidManifest.xml:64:9-69:20
	android:label
		ADDED from src\main\AndroidManifest.xml:67:13-43
	android:parentActivityName
		ADDED from src\main\AndroidManifest.xml:68:13-86
	android:name
		ADDED from src\main\AndroidManifest.xml:66:13-67
activity#com.example.m_saccoagency.CashTransfer
ADDED from src\main\AndroidManifest.xml:70:9-74:20
	android:label
		ADDED from src\main\AndroidManifest.xml:72:13-42
	android:parentActivityName
		ADDED from src\main\AndroidManifest.xml:73:13-86
	android:name
		ADDED from src\main\AndroidManifest.xml:71:13-66
activity#com.example.m_saccoagency.ShareDeposit
ADDED from src\main\AndroidManifest.xml:75:9-79:20
	android:label
		ADDED from src\main\AndroidManifest.xml:77:13-42
	android:parentActivityName
		ADDED from src\main\AndroidManifest.xml:78:13-86
	android:name
		ADDED from src\main\AndroidManifest.xml:76:13-66
activity#com.example.m_saccoagency.Sharevariation
ADDED from src\main\AndroidManifest.xml:80:9-84:16
	android:label
		ADDED from src\main\AndroidManifest.xml:82:9-40
	android:parentActivityName
		ADDED from src\main\AndroidManifest.xml:83:9-82
	android:name
		ADDED from src\main\AndroidManifest.xml:81:9-64
activity#com.example.m_saccoagency.loanapplication
ADDED from src\main\AndroidManifest.xml:85:9-89:16
	android:label
		ADDED from src\main\AndroidManifest.xml:87:9-41
	android:parentActivityName
		ADDED from src\main\AndroidManifest.xml:88:9-82
	android:name
		ADDED from src\main\AndroidManifest.xml:86:9-65
activity#com.example.m_saccoagency.BalanceEnquiry
ADDED from src\main\AndroidManifest.xml:90:9-94:20
	android:label
		ADDED from src\main\AndroidManifest.xml:92:13-44
	android:parentActivityName
		ADDED from src\main\AndroidManifest.xml:93:13-86
	android:name
		ADDED from src\main\AndroidManifest.xml:91:13-68
activity#com.example.m_saccoagency.Ministatement
ADDED from src\main\AndroidManifest.xml:95:9-99:20
	android:label
		ADDED from src\main\AndroidManifest.xml:97:13-43
	android:parentActivityName
		ADDED from src\main\AndroidManifest.xml:98:13-86
	android:name
		ADDED from src\main\AndroidManifest.xml:96:13-67
activity#com.example.m_saccoagency.ChangeClientPin
ADDED from src\main\AndroidManifest.xml:100:9-104:20
	android:label
		ADDED from src\main\AndroidManifest.xml:102:13-46
	android:parentActivityName
		ADDED from src\main\AndroidManifest.xml:103:13-86
	android:name
		ADDED from src\main\AndroidManifest.xml:101:13-69
activity#com.example.m_saccoagency.Settings
ADDED from src\main\AndroidManifest.xml:105:9-109:20
	android:label
		ADDED from src\main\AndroidManifest.xml:107:13-37
	android:parentActivityName
		ADDED from src\main\AndroidManifest.xml:108:13-80
	android:name
		ADDED from src\main\AndroidManifest.xml:106:13-62
activity#com.example.m_saccoagency.BTDeviceList
ADDED from src\main\AndroidManifest.xml:111:5-114:16
	android:label
		ADDED from src\main\AndroidManifest.xml:112:9-41
	android:name
		ADDED from src\main\AndroidManifest.xml:111:15-43